<?xml version="1.0" encoding="UTF-8"?>
<testng-results skipped="0" failed="0" ignored="2" total="3" passed="1">
  <reporter-output>
  </reporter-output>
  <suite name="Default suite" duration-ms="31993" started-at="2019-10-20T15:08:24 IST" finished-at="2019-10-20T15:08:56 IST">
    <groups>
    </groups>
    <test name="Default test" duration-ms="31993" started-at="2019-10-20T15:08:24 IST" finished-at="2019-10-20T15:08:56 IST">
      <class name="com.training.sanity.tests.ELTC_066">
        <test-method status="PASS" signature="beforeClass()[pri:0, instance:com.training.sanity.tests.ELTC_066@3224f60b]" name="beforeClass" is-config="true" duration-ms="15" started-at="2019-10-20T15:08:24 IST" finished-at="2019-10-20T15:08:24 IST">
          <reporter-output>
          </reporter-output>
        </test-method> <!-- beforeClass -->
        <test-method status="PASS" signature="beforeMethod()[pri:0, instance:com.training.sanity.tests.ELTC_066@3224f60b]" name="beforeMethod" is-config="true" duration-ms="11258" started-at="2019-10-20T15:08:24 IST" finished-at="2019-10-20T15:08:35 IST">
          <reporter-output>
          </reporter-output>
        </test-method> <!-- beforeMethod -->
        <test-method status="PASS" signature="ELTC066_ak_Teacher2()[pri:0, instance:com.training.sanity.tests.ELTC_066@3224f60b]" name="ELTC066_ak_Teacher2" duration-ms="18269" started-at="2019-10-20T15:08:35 IST" finished-at="2019-10-20T15:08:54 IST">
          <reporter-output>
          </reporter-output>
        </test-method> <!-- ELTC066_ak_Teacher2 -->
        <test-method status="PASS" signature="afterMethod()[pri:0, instance:com.training.sanity.tests.ELTC_066@3224f60b]" name="afterMethod" is-config="true" duration-ms="2407" started-at="2019-10-20T15:08:54 IST" finished-at="2019-10-20T15:08:56 IST">
          <reporter-output>
          </reporter-output>
        </test-method> <!-- afterMethod -->
      </class> <!-- com.training.sanity.tests.ELTC_066 -->
    </test> <!-- Default test -->
  </suite> <!-- Default suite -->
</testng-results>
