<?xml version="1.0" encoding="UTF-8"?>
<!-- Generated by org.testng.reporters.JUnitXMLReporter -->
<testsuite hostname="DESKTOP-OL636DF" ignored="2" name="Default test" tests="1" failures="0" timestamp="2019-10-20T15:08:56 IST" time="31.993" errors="0">
  <testcase name="ELTC066_ak_Teacher2" time="18.269" classname="com.training.sanity.tests.ELTC_066"/>
  <testcase name="ELTC066_ak_Teacher" time="0.0" classname="com.training.sanity.tests.ELTC_066">
    <ignored/>
  </testcase> <!-- ELTC066_ak_Teacher -->
  <testcase name="ELTC066_ak_student" time="0.0" classname="com.training.sanity.tests.ELTC_066">
    <ignored/>
  </testcase> <!-- ELTC066_ak_student -->
</testsuite> <!-- Default test -->
